2025-07-22 22:17:33.801 [info] [main] Log level: Info
2025-07-22 22:17:33.801 [info] [main] Validating found git in: "git"
2025-07-22 22:17:33.977 [info] [main] Using git "2.50.1" from "git"
2025-07-22 22:17:33.977 [info] [Model][doInitialScan] Initial repository scan started
2025-07-22 22:17:33.979 [info] [Model][doInitialScan] Initial repository scan completed - repositories (0), closed repositories (0), parent repositories (0), unsafe repositories (0)
2025-07-22 22:17:37.643 [info] > git rev-parse --show-toplevel [7ms]
2025-07-22 22:17:37.643 [info] fatal: not a git repository (or any of the parent directories): .git
2025-07-22 22:18:24.881 [info] [main] Log level: Info
2025-07-22 22:18:24.881 [info] [main] Validating found git in: "git"
2025-07-22 22:18:24.881 [info] [main] Using git "2.50.1" from "git"
2025-07-22 22:18:24.881 [info] [Model][doInitialScan] Initial repository scan started
2025-07-22 22:18:24.881 [info] > git rev-parse --show-toplevel [7ms]
2025-07-22 22:18:24.881 [info] fatal: not a git repository (or any of the parent directories): .git
2025-07-22 22:18:24.881 [info] [Model][doInitialScan] Initial repository scan completed - repositories (0), closed repositories (0), parent repositories (0), unsafe repositories (0)
2025-07-22 22:18:26.039 [info] > git rev-parse --show-toplevel [1ms]
2025-07-22 22:18:26.039 [info] fatal: not a git repository (or any of the parent directories): .git
2025-07-22 22:18:31.355 [info] > git rev-parse --show-toplevel [2ms]
2025-07-22 22:18:31.355 [info] fatal: not a git repository (or any of the parent directories): .git
2025-07-22 22:20:07.965 [info] > git rev-parse --show-toplevel [1ms]
2025-07-22 22:20:07.965 [info] fatal: not a git repository (or any of the parent directories): .git
2025-07-22 22:22:37.362 [info] > git rev-parse --show-toplevel [1ms]
2025-07-22 22:22:37.362 [info] fatal: not a git repository (or any of the parent directories): .git
2025-07-22 22:22:38.681 [info] > git rev-parse --show-toplevel [2ms]
2025-07-22 22:22:38.681 [info] fatal: not a git repository (or any of the parent directories): .git
2025-07-22 22:22:42.791 [info] > git rev-parse --show-toplevel [3ms]
2025-07-22 22:22:42.791 [info] fatal: not a git repository (or any of the parent directories): .git
