2025-07-22 22:17:25.306 [info] Extension host with pid 1431 started
2025-07-22 22:17:25.306 [info] ExtensionService#_doActivateExtension vscode.github-authentication, startup: false, activationEvent: 'onAuthenticationRequest:github'
2025-07-22 22:17:25.306 [info] ExtensionService#_doActivateExtension vscode.emmet, startup: false, activationEvent: 'onLanguage'
2025-07-22 22:17:25.306 [info] ExtensionService#_doActivateExtension vscode.css-language-features, startup: false, activationEvent: 'onLanguage:css'
2025-07-22 22:17:25.919 [info] ExtensionService#_doActivateExtension vscode.git-base, startup: true, activationEvent: '*'
2025-07-22 22:17:26.124 [info] ExtensionService#_doActivateExtension vscode.github, startup: true, activationEvent: '*'
2025-07-22 22:17:26.299 [info] Eager extensions activated
2025-07-22 22:17:26.300 [info] ExtensionService#_doActivateExtension vscode.debug-auto-launch, startup: false, activationEvent: 'onStartupFinished'
2025-07-22 22:17:26.374 [info] ExtensionService#_doActivateExtension vscode.merge-conflict, startup: false, activationEvent: 'onStartupFinished'
2025-07-22 22:17:33.536 [info] ExtensionService#_doActivateExtension vscode.git, startup: false, activationEvent: 'api', root cause: vscode.github
2025-07-22 22:18:21.628 [info] Extension host terminating: renderer closed the MessagePort
2025-07-22 22:18:21.646 [info] Extension host with pid 1431 exiting with code 0
2025-07-22 22:18:23.014 [info] Extension host with pid 1995 started
2025-07-22 22:18:23.014 [info] Skipping acquiring lock for /home/kirubiisfyne/.config/Code/User/workspaceStorage/ef9a09cbda5c1692b4881b4f559773be.
2025-07-22 22:18:23.344 [info] ExtensionService#_doActivateExtension vscode.github-authentication, startup: false, activationEvent: 'onAuthenticationRequest:github'
2025-07-22 22:18:23.369 [info] ExtensionService#_doActivateExtension vscode.emmet, startup: false, activationEvent: 'onLanguage'
2025-07-22 22:18:23.423 [info] ExtensionService#_doActivateExtension vscode.git-base, startup: true, activationEvent: '*'
2025-07-22 22:18:23.427 [info] ExtensionService#_doActivateExtension vscode.github, startup: true, activationEvent: '*'
2025-07-22 22:18:23.495 [info] Eager extensions activated
2025-07-22 22:18:23.502 [info] ExtensionService#_doActivateExtension vscode.debug-auto-launch, startup: false, activationEvent: 'onStartupFinished'
2025-07-22 22:18:23.503 [info] ExtensionService#_doActivateExtension vscode.merge-conflict, startup: false, activationEvent: 'onStartupFinished'
2025-07-22 22:18:24.792 [info] ExtensionService#_doActivateExtension vscode.git, startup: false, activationEvent: 'api', root cause: vscode.github
2025-07-22 22:18:26.072 [info] ExtensionService#_doActivateExtension vscode.configuration-editing, startup: false, activationEvent: 'onLanguage:jsonc'
2025-07-22 22:18:26.313 [info] ExtensionService#_doActivateExtension vscode.json-language-features, startup: false, activationEvent: 'onLanguage:jsonc'
2025-07-22 22:18:26.660 [info] ExtensionService#_doActivateExtension vscode.typescript-language-features, startup: false, activationEvent: 'onLanguage:jsonc'
2025-07-22 22:18:31.371 [info] ExtensionService#_doActivateExtension vscode.css-language-features, startup: false, activationEvent: 'onLanguage:css'
2025-07-22 22:23:25.012 [info] Extension host terminating: renderer closed the MessagePort
2025-07-22 22:23:25.030 [info] Extension host with pid 1995 exiting with code 0
